<?xml version="1.0" encoding="UTF-8"?>
<!-- Generated by org.testng.reporters.JUnitReportReporter -->
<testsuite skipped="0" hostname="Haldar-PC" name="LoginSuite.CustomerLogin" tests="2" failures="0" timestamp="22 Jan 2020 20:12:35 GMT" time="0.021" errors="0">
  <testcase name="Customer_LoginVallid_Details" time="0.019" classname="LoginSuite.CustomerLogin"/>
  <testcase name="Customer_Login_Invallid_Details" time="0.002" classname="LoginSuite.CustomerLogin"/>
</testsuite> <!-- LoginSuite.CustomerLogin -->
