<?xml version="1.0" encoding="UTF-8"?>
<!-- Generated by org.testng.reporters.JUnitReportReporter -->
<testsuite skipped="0" hostname="Haldar-PC" name="LoginSuite.EmployeeLogin" tests="4" failures="0" timestamp="22 Jan 2020 20:12:35 GMT" time="0.008" errors="0">
  <testcase name="Employee_LoginVallid_Details" time="0.002" classname="LoginSuite.EmployeeLogin"/>
  <testcase name="Employee_Login_Invallid_Details" time="0.002" classname="LoginSuite.EmployeeLogin"/>
  <testcase name="Mobile_Employee_LoginVallid_Details" time="0.001" classname="LoginSuite.EmployeeLogin"/>
  <testcase name="Mobile_Employee_Login_Invallid_Details" time="0.003" classname="LoginSuite.EmployeeLogin"/>
</testsuite> <!-- LoginSuite.EmployeeLogin -->
