<?xml version="1.0" encoding="UTF-8"?>
<!-- Generated by org.testng.reporters.JUnitReportReporter -->
<testsuite skipped="0" hostname="Haldar-PC" name="ProfileSuite.CustomerProfile" tests="1" failures="0" timestamp="22 Jan 2020 20:59:54 GMT" time="0.015" errors="0">
  <testcase name="createProfileCustomer" time="0.015" classname="ProfileSuite.CustomerProfile"/>
</testsuite> <!-- ProfileSuite.CustomerProfile -->
