<?xml version="1.0" encoding="UTF-8"?>
<!-- Generated by org.testng.reporters.JUnitReportReporter -->
<testsuite skipped="0" hostname="Haldar-PC" name="ProfileSuite.EmployeeProfile" tests="1" failures="0" timestamp="22 Jan 2020 20:59:54 GMT" time="0.007" errors="0">
  <testcase name="createProfileEmployee" time="0.007" classname="ProfileSuite.EmployeeProfile"/>
</testsuite> <!-- ProfileSuite.EmployeeProfile -->
