<?xml version="1.0" encoding="UTF-8"?>
<!-- Generated by org.testng.reporters.JUnitReportReporter -->
<testsuite skipped="0" hostname="Haldar-PC" name="Location.LocationTest" tests="4" failures="0" timestamp="23 Jan 2020 00:16:43 GMT" time="113.716" errors="0">
  <testcase name="enterUserName" time="23.487" classname="Location.LocationTest"/>
  <testcase name="enterUserName" time="35.207" classname="Location.LocationTest"/>
  <testcase name="enterPassword" time="33.089" classname="Location.LocationTest"/>
  <testcase name="enterPassword" time="21.933" classname="Location.LocationTest"/>
</testsuite> <!-- Location.LocationTest -->
